<?xml version="1.0" encoding="UTF-8"?>
<testng-results ignored="0" total="1" passed="1" failed="0" skipped="0">
  <reporter-output>
  </reporter-output>
  <suite started-at="2025-02-19T14:21:51 IST" name="Suite" finished-at="2025-02-19T14:22:00 IST" duration-ms="9718">
    <groups>
    </groups>
    <test started-at="2025-02-19T14:21:51 IST" name="Test" finished-at="2025-02-19T14:22:00 IST" duration-ms="9718">
      <class name="com.testClasses.com.CreateUserTest">
        <test-method is-config="true" signature="setUp()[pri:0, instance:com.testClasses.com.CreateUserTest@61001b64]" started-at="2025-02-19T14:21:51 IST" name="setUp" finished-at="2025-02-19T14:21:52 IST" duration-ms="1124" status="PASS">
          <reporter-output>
          </reporter-output>
        </test-method> <!-- setUp -->
        <test-method signature="createUserTest()[pri:0, instance:com.testClasses.com.CreateUserTest@61001b64]" started-at="2025-02-19T14:21:52 IST" name="createUserTest" finished-at="2025-02-19T14:22:00 IST" duration-ms="8464" status="PASS">
          <reporter-output>
          </reporter-output>
        </test-method> <!-- createUserTest -->
        <test-method is-config="true" signature="tearDown()[pri:0, instance:com.testClasses.com.CreateUserTest@61001b64]" started-at="2025-02-19T14:22:00 IST" name="tearDown" finished-at="2025-02-19T14:22:00 IST" duration-ms="1" status="PASS">
          <reporter-output>
          </reporter-output>
        </test-method> <!-- tearDown -->
      </class> <!-- com.testClasses.com.CreateUserTest -->
    </test> <!-- Test -->
  </suite> <!-- Suite -->
</testng-results>
