<?xml version="1.0" encoding="UTF-8"?>
<testng-results ignored="0" total="1" passed="1" failed="0" skipped="0">
  <reporter-output>
  </reporter-output>
  <suite started-at="2025-02-19T14:17:54 IST" name="Suite" finished-at="2025-02-19T14:18:01 IST" duration-ms="7714">
    <groups>
    </groups>
    <test started-at="2025-02-19T14:17:54 IST" name="Test" finished-at="2025-02-19T14:18:01 IST" duration-ms="7714">
      <class name="com.testClasses.com.CreateUserTest">
        <test-method is-config="true" signature="setUp()[pri:0, instance:com.testClasses.com.CreateUserTest@710636b0]" started-at="2025-02-19T14:17:54 IST" name="setUp" finished-at="2025-02-19T14:17:55 IST" duration-ms="1326" status="PASS">
          <reporter-output>
          </reporter-output>
        </test-method> <!-- setUp -->
        <test-method signature="createUserTest()[pri:0, instance:com.testClasses.com.CreateUserTest@710636b0]" started-at="2025-02-19T14:17:55 IST" name="createUserTest" finished-at="2025-02-19T14:18:01 IST" duration-ms="6243" status="PASS">
          <reporter-output>
          </reporter-output>
        </test-method> <!-- createUserTest -->
        <test-method is-config="true" signature="tearDown()[pri:0, instance:com.testClasses.com.CreateUserTest@710636b0]" started-at="2025-02-19T14:18:01 IST" name="tearDown" finished-at="2025-02-19T14:18:01 IST" duration-ms="1" status="PASS">
          <reporter-output>
          </reporter-output>
        </test-method> <!-- tearDown -->
      </class> <!-- com.testClasses.com.CreateUserTest -->
    </test> <!-- Test -->
  </suite> <!-- Suite -->
</testng-results>
